<?xml version="1.0" encoding="UTF-8"?>
<!-- Generated by org.testng.reporters.JUnitReportReporter -->
<testsuite hostname="GRATITUDE" failures="0" tests="2" name="com.practisejenkins.PractiseJenkins" time="6.810" errors="0" timestamp="2025-06-24T23:49:35 IST" skipped="0">
  <testcase classname="com.practisejenkins.PractiseJenkins" name="Test2" time="4.142"/>
  <system-out/>
  <testcase classname="com.practisejenkins.PractiseJenkins" name="Test1" time="2.668"/>
  <system-out/>
</testsuite> <!-- com.practisejenkins.PractiseJenkins -->
