<?xml version="1.0" encoding="UTF-8"?>
<testng-results ignored="0" total="1" passed="1" failed="0" skipped="0">
  <reporter-output>
  </reporter-output>
  <suite started-at="2025-07-02T20:31:49 IST" name="Default suite" finished-at="2025-07-02T20:31:49 IST" duration-ms="67">
    <groups>
    </groups>
    <test started-at="2025-07-02T20:31:49 IST" name="Default test" finished-at="2025-07-02T20:31:49 IST" duration-ms="67">
      <class name="com.practisejenkins.Jenkinsdemo">
        <test-method signature="startjenkins()[pri:0, instance:com.practisejenkins.Jenkinsdemo@729d991e]" started-at="2025-07-02T20:31:49 IST" name="startjenkins" finished-at="2025-07-02T20:31:49 IST" duration-ms="13" status="PASS">
          <reporter-output>
          </reporter-output>
        </test-method> <!-- startjenkins -->
      </class> <!-- com.practisejenkins.Jenkinsdemo -->
    </test> <!-- Default test -->
  </suite> <!-- Default suite -->
</testng-results>
